{
  "stats": {
    "suites": 3,
    "tests": 2,
    "passes": 0,
    "pending": 0,
    "failures": 2,
    "start": "2023-03-02T18:08:36.115Z",
    "end": "2023-03-02T18:08:36.169Z",
    "duration": 54,
    "testsRegistered": 2,
    "passPercent": 0,
    "pendingPercent": 0,
    "other": 0,
    "hasOther": false,
    "skipped": 0,
    "hasSkipped": false
  },
  "results": [
    {
      "uuid": "31cd906c-ad8b-424e-ac13-c387fdc000ae",
      "title": "",
      "fullFile": "",
      "file": "",
      "beforeHooks": [],
      "afterHooks": [],
      "tests": [],
      "suites": [
        {
          "uuid": "5013fadc-d737-4525-850c-83ca088b24a7",
          "title": "Status and content",
          "fullFile": "C:\\Users\\91787\\Desktop\\Subscribers-Mongo-Node-BoilerPlate-main\\__tests__\\app.js",
          "file": "\\__tests__\\app.js",
          "beforeHooks": [],
          "afterHooks": [],
          "tests": [],
          "suites": [
            {
              "uuid": "ac73a1ba-8f45-4afa-9d28-ce7cfbcdf32a",
              "title": "It should get all the subscriber",
              "fullFile": "C:\\Users\\91787\\Desktop\\Subscribers-Mongo-Node-BoilerPlate-main\\__tests__\\app.js",
              "file": "\\__tests__\\app.js",
              "beforeHooks": [],
              "afterHooks": [],
              "tests": [
                {
                  "title": "status",
                  "fullTitle": "Status and content It should get all the subscriber status",
                  "timedOut": false,
                  "duration": 32,
                  "state": "failed",
                  "speed": null,
                  "pass": false,
                  "fail": true,
                  "pending": false,
                  "context": null,
                  "code": "chai.request(app).get('https://localhost:3000/subscribers').end((err,res) =>{\n res.should.have.status(200);\n res.should.be.a('array')\n})",
                  "err": {
                    "message": "TypeError: Cannot read properties of undefined (reading 'should')",
                    "estack": "TypeError: Cannot read properties of undefined (reading 'should')\n    at C:\\Users\\91787\\Desktop\\Subscribers-Mongo-Node-BoilerPlate-main\\__tests__\\app.js:13:17\n    at Request.callback (node_modules\\superagent\\lib\\node\\index.js:728:3)\n    at ClientRequest.<anonymous> (node_modules\\superagent\\lib\\node\\index.js:647:10)\n    at Object.onceWrapper (node:events:628:26)\n    at ClientRequest.emit (node:events:513:28)\n    at Socket.socketErrorListener (node:_http_client:494:9)\n    at Socket.emit (node:events:513:28)\n    at emitErrorNT (node:internal/streams/destroy:151:8)\n    at emitErrorCloseNT (node:internal/streams/destroy:116:3)\n    at process.processTicksAndRejections (node:internal/process/task_queues:82:21)",
                    "diff": null
                  },
                  "uuid": "ff60236d-817b-4e25-9a46-2c20ee13771d",
                  "parentUUID": "ac73a1ba-8f45-4afa-9d28-ce7cfbcdf32a",
                  "isHook": false,
                  "skipped": false
                }
              ],
              "suites": [],
              "passes": [],
              "failures": [
                "ff60236d-817b-4e25-9a46-2c20ee13771d"
              ],
              "pending": [],
              "skipped": [],
              "duration": 32,
              "root": false,
              "rootEmpty": false,
              "_timeout": 60000
            },
            {
              "uuid": "efc83bb6-8c23-4975-9f2c-c7bcdceb0415",
              "title": "It should get all the subscriber with only name and subscribed channel",
              "fullFile": "C:\\Users\\91787\\Desktop\\Subscribers-Mongo-Node-BoilerPlate-main\\__tests__\\app.js",
              "file": "\\__tests__\\app.js",
              "beforeHooks": [],
              "afterHooks": [],
              "tests": [
                {
                  "title": "status",
                  "fullTitle": "Status and content It should get all the subscriber with only name and subscribed channel status",
                  "timedOut": false,
                  "duration": 6,
                  "state": "failed",
                  "speed": null,
                  "pass": false,
                  "fail": true,
                  "pending": false,
                  "context": null,
                  "code": "chai.request(app).get('https://localhost:3000/subscribers/names').end((err,res) =>{\n res.should.have.status(200);\n res.should.be.a('array')\n})",
                  "err": {
                    "message": "TypeError: Cannot read properties of undefined (reading 'should')",
                    "estack": "TypeError: Cannot read properties of undefined (reading 'should')\n    at C:\\Users\\91787\\Desktop\\Subscribers-Mongo-Node-BoilerPlate-main\\__tests__\\app.js:23:17\n    at Request.callback (node_modules\\superagent\\lib\\node\\index.js:728:3)\n    at ClientRequest.<anonymous> (node_modules\\superagent\\lib\\node\\index.js:647:10)\n    at Object.onceWrapper (node:events:628:26)\n    at ClientRequest.emit (node:events:513:28)\n    at Socket.socketErrorListener (node:_http_client:494:9)\n    at Socket.emit (node:events:513:28)\n    at emitErrorNT (node:internal/streams/destroy:151:8)\n    at emitErrorCloseNT (node:internal/streams/destroy:116:3)\n    at process.processTicksAndRejections (node:internal/process/task_queues:82:21)",
                    "diff": null
                  },
                  "uuid": "e5956de1-0bbc-4f87-8372-e6d98dc3c15e",
                  "parentUUID": "efc83bb6-8c23-4975-9f2c-c7bcdceb0415",
                  "isHook": false,
                  "skipped": false
                }
              ],
              "suites": [],
              "passes": [],
              "failures": [
                "e5956de1-0bbc-4f87-8372-e6d98dc3c15e"
              ],
              "pending": [],
              "skipped": [],
              "duration": 6,
              "root": false,
              "rootEmpty": false,
              "_timeout": 60000
            }
          ],
          "passes": [],
          "failures": [],
          "pending": [],
          "skipped": [],
          "duration": 0,
          "root": false,
          "rootEmpty": false,
          "_timeout": 60000
        }
      ],
      "passes": [],
      "failures": [],
      "pending": [],
      "skipped": [],
      "duration": 0,
      "root": true,
      "rootEmpty": true,
      "_timeout": 60000
    }
  ],
  "meta": {
    "mocha": {
      "version": "8.4.0"
    },
    "mochawesome": {
      "options": {
        "quiet": false,
        "reportFilename": "mochawesome",
        "saveHtml": true,
        "saveJson": true,
        "consoleReporter": "spec",
        "useInlineDiffs": false,
        "code": true
      },
      "version": "6.1.1"
    },
    "marge": {
      "options": null,
      "version": "5.1.0"
    }
  }
}